<?xml version="1.0" encoding="UTF-8"?>
<!-- Generated by org.testng.reporters.JUnitReportReporter -->
<testsuite hostname="LAPTOP-E7H17V52" failures="0" tests="1" name="com.UtilsPacakage.OrangeHrmUtils" time="10.773" errors="0" timestamp="2023-04-02T11:53:52 IST" skipped="0">
  <testcase classname="com.UtilsPacakage.OrangeHrmUtils" name="LaunchApplication" time="10.773"/>
  <system-out/>
</testsuite> <!-- com.UtilsPacakage.OrangeHrmUtils -->
