<?xml version="1.0" encoding="UTF-8"?>
<!-- Generated by org.testng.reporters.JUnitReportReporter -->
<testsuite hostname="LAPTOP-E7H17V52" failures="0" tests="1" name="com.OrangeHrmTest.EmployeeTest" time="6.091" errors="0" timestamp="2023-04-03T11:06:07 IST" skipped="0">
  <testcase classname="com.OrangeHrmTest.EmployeeTest" name="EmployeeRegistrartion" time="6.091"/>
  <system-out/>
</testsuite> <!-- com.OrangeHrmTest.EmployeeTest -->
