<?xml version="1.0" encoding="UTF-8"?>
<!-- Generated by org.testng.reporters.JUnitReportReporter -->
<testsuite hostname="LAPTOP-E7H17V52" failures="0" tests="1" name="com.OrangeHrmTest.AdminLoginTestWithInvalidData" time="2.192" errors="0" timestamp="2023-04-02T14:14:53 IST" skipped="0">
  <testcase classname="com.OrangeHrmTest.AdminLoginTestWithInvalidData" name="AdminLoginWithInValidData" time="2.192"/>
  <system-out/>
</testsuite> <!-- com.OrangeHrmTest.AdminLoginTestWithInvalidData -->
