<?xml version="1.0" encoding="UTF-8"?>
<!-- Generated by org.testng.reporters.JUnitReportReporter -->
<testsuite hostname="LAPTOP-E7H17V52" failures="0" tests="1" name="com.OrangeHrmTest.UserLoginTest" time="0.304" errors="0" timestamp="2023-04-03T11:42:09 IST" skipped="0">
  <testcase classname="com.OrangeHrmTest.UserLoginTest" name="UserLogin" time="0.304"/>
  <system-out/>
</testsuite> <!-- com.OrangeHrmTest.UserLoginTest -->
